<?xml version="1.0" encoding="UTF-8"?>
<!-- Generated by org.testng.reporters.JUnitReportReporter -->
<testsuite hostname="DESKTOP-1P234UU" failures="0" tests="4" name="datadriven_Example.LoginExtractExcel" time="14.507" errors="0" timestamp="2023-04-04T07:39:34 IST" skipped="0">
  <testcase classname="datadriven_Example.LoginExtractExcel" name="login_page" time="3.651"/>
  <system-out/>
  <testcase classname="datadriven_Example.LoginExtractExcel" name="login_page" time="3.284"/>
  <system-out/>
  <testcase classname="datadriven_Example.LoginExtractExcel" name="login_page" time="3.507"/>
  <system-out/>
  <testcase classname="datadriven_Example.LoginExtractExcel" name="login_page" time="4.065"/>
  <system-out/>
</testsuite> <!-- datadriven_Example.LoginExtractExcel -->
