<?xml version="1.0" encoding="UTF-8"?>
<!-- Generated by org.testng.reporters.JUnitReportReporter -->
<testsuite hostname="DESKTOP-1P234UU" failures="0" tests="4" name="datadriven_Example.Login_Page" time="16.520" errors="0" timestamp="2023-04-03T19:50:25 IST" skipped="0">
  <testcase classname="datadriven_Example.Login_Page" name="login_Area" time="3.628"/>
  <system-out/>
  <testcase classname="datadriven_Example.Login_Page" name="login_Area" time="4.375"/>
  <system-out/>
  <testcase classname="datadriven_Example.Login_Page" name="login_Area" time="5.183"/>
  <system-out/>
  <testcase classname="datadriven_Example.Login_Page" name="login_Area" time="3.334"/>
  <system-out/>
</testsuite> <!-- datadriven_Example.Login_Page -->
